<?xml version="1.0" encoding="UTF-8"?>
<testng-results ignored="0" total="1" passed="1" failed="0" skipped="0">
  <reporter-output>
  </reporter-output>
  <suite started-at="2026-01-06T19:44:35 IST" name="Default suite" finished-at="2026-01-06T19:44:37 IST" duration-ms="2078">
    <groups>
    </groups>
    <test started-at="2026-01-06T19:44:35 IST" name="Default test" finished-at="2026-01-06T19:44:37 IST" duration-ms="2078">
      <class name="basics.LearDeserialization">
        <test-method signature="mydesrialisedTest()[pri:0, instance:basics.LearDeserialization@35e2d654]" started-at="2026-01-06T19:44:35 IST" name="mydesrialisedTest" finished-at="2026-01-06T19:44:37 IST" duration-ms="2027" status="PASS">
          <reporter-output>
          </reporter-output>
        </test-method> <!-- mydesrialisedTest -->
      </class> <!-- basics.LearDeserialization -->
    </test> <!-- Default test -->
  </suite> <!-- Default suite -->
</testng-results>
